[00:25:29] Shifter found and connected.
[00:25:29] Shifter found and connected.
[00:25:29] Wheel found and connected.
[00:25:29] 14 09 0B 00 00 E0 FF 00 00 
[00:25:29] Applying profile configuration
[00:25:29] 14 09 06 02 00 FE FF 00 00 
[00:25:29] 14 09 06 00 03 E3 00 00 00 
[00:25:29] 14 09 06 00 05 E4 03 00 00 
[00:25:29] 14 09 06 00 04 E5 04 00 00 
[00:25:29] Shifter found and connected.
[00:25:29] Wheel found and connected.
[00:25:29] 14 09 0B 00 00 E0 FF 00 00 
[00:25:29] 14 09 0B 00 01 E1 01 00 00 
[00:25:29] 14 09 0B 00 02 E2 02 00 00 
[00:25:29] FW Version: 1.0.0.8
[00:25:29] 14 09 06 90 90 E0 90 00 00 
[00:25:29] 14 09 06 90 90 E4 90 00 00 
[00:25:29] 14 09 06 90 90 E2 90 00 00 
[00:25:29] 14 09 06 90 90 E5 90 00 00 
[00:25:29] 14 09 06 90 90 E1 90 00 00 
[00:25:29] 14 09 06 90 90 E3 90 00 00 
[00:25:29] 14 38 06 01 03 00 00 2F 81 04 35 3F 00 00 00 00 84 03 DC 05 00 00 00 00 C8 00 C8 00 C8 00 B8 0B 10 27 10 27 10 27 10 27 10 27 10 27 10 27 10 27 10 27 10 27 10 27 00 E8 
[00:25:29] 14 25 06 01 05 27 03 1C 10 27 10 27 10 27 10 27 10 27 10 27 10 27 10 27 00 00 10 27 10 27 10 27 00 00 00 00 79 
[00:25:34] 14 09 0B 00 01 E1 01 00 00 
[00:25:34] 14 09 0B 00 02 E2 02 00 00 
[00:25:34] 14 09 06 90 90 E2 90 00 00 
[00:25:34] 14 09 06 90 90 E1 90 00 00 
[00:25:34] 14 09 00 00 01 F1 00 00 00 
[00:25:34] 14 09 06 90 90 F1 90 00 00 
[00:25:36] 14 09 00 00 01 F1 00 00 00 
[00:25:36] 14 09 06 90 90 F1 90 00 00 
[00:25:36] 14 09 0B 00 01 E1 01 00 00 
[00:25:36] 14 09 0B 00 02 E2 02 00 00 
[00:25:36] 14 09 06 90 90 E1 90 00 00 
[00:25:36] 14 09 06 90 90 E2 90 00 00 
[00:25:36] 14 09 06 00 03 E3 00 00 00 
[00:25:36] 14 09 06 00 05 E4 03 00 00 
[00:25:36] 14 09 06 00 04 E5 04 00 00 
[00:25:36] 14 09 06 90 90 E4 90 00 00 
[00:25:36] 14 09 06 90 90 E5 90 00 00 
[00:25:37] 14 09 06 90 90 E3 90 00 00 
[00:25:37] 14 09 0B 00 01 E1 01 00 00 
[00:25:37] 14 09 0B 00 02 E2 02 00 00 
[00:25:37] 14 09 06 90 90 E1 90 00 00 
[00:25:37] 14 09 06 90 90 E2 90 00 00 
[00:25:37] 14 09 00 00 01 F1 00 00 00 
[00:25:37] 14 09 06 90 90 F1 90 00 00 
[10:48:01] Wheel found and connected.
[10:48:01] 14 09 0B 00 00 E0 FF 00 00 
[10:48:01] Applying profile configuration
[10:48:01] 14 09 06 02 00 FE FF 00 00 
[10:48:01] 14 09 06 00 03 E3 00 00 00 
[10:48:01] 14 09 06 00 05 E4 03 00 00 
[10:48:01] 14 09 06 00 04 E5 04 00 00 
[10:48:01] Wheel found and connected.
[10:48:01] 14 09 0B 00 00 E0 FF 00 00 
[10:48:01] 14 09 0B 00 01 E1 01 00 00 
[10:48:01] 14 09 0B 00 02 E2 02 00 00 
[10:48:01] 14 09 06 90 90 E5 90 00 00 
[10:48:01] FW Version: 1.0.0.8
[10:48:01] 14 09 06 90 90 E0 90 00 00 
[10:48:01] 14 09 06 90 90 E4 90 00 00 
[10:48:01] 14 09 06 90 90 E1 90 00 00 
[10:48:01] 14 09 06 90 90 E3 90 00 00 
[10:48:01] 14 38 06 01 03 00 00 2F 81 04 35 3F 00 00 00 00 84 03 DC 05 00 00 00 00 C8 00 C8 00 C8 00 B8 0B 10 27 10 27 10 27 10 27 10 27 10 27 10 27 10 27 10 27 10 27 10 27 00 E8 
[10:48:01] 14 25 06 01 05 27 03 1C 10 27 10 27 10 27 10 27 10 27 10 27 10 27 10 27 00 00 10 27 10 27 10 27 00 00 00 00 79 
[10:48:01] 14 09 06 90 90 E2 90 00 00 
